# JRE version: OpenJDK Runtime Environment Temurin-17.0.17+10 (17.0.17+10) (build 17.0.17+10)
# Java VM: OpenJDK 64-Bit Server VM Temurin-17.0.17+10 (17.0.17+10, mixed mode, sharing, tiered, compressed oops, compressed class ptrs, g1 gc, windows-amd64)
GC Precious Log:
 CPUs: 2 total, 2 available
 Memory: 3500M
 Large Page Support: Disabled
 NUMA Support: Disabled
 Compressed Oops: Enabled (32-bit)
 Heap Region Size: 1M
 Heap Min Capacity: 8M
 Heap Initial Capacity: 56M
 Heap Max Capacity: 2G
 Pre-touch: Disabled
 Parallel Workers: 2
 Concurrent Workers: 1
 Concurrent Refinement Workers: 2
 Periodic GC: Disabled
Heap:
 garbage-first heap   total 315392K, used 122829K [0x0000000080000000, 0x0000000100000000)
  region size 1024K, 73 young (74752K), 2 survivors (2048K)
 Metaspace       used 46810K, committed 47296K, reserved 1114112K
  class space    used 6364K, committed 6656K, reserved 1048576K
GC Heap History (20 events):
Event: 46.244 GC heap before
{Heap before GC invocations=109 (full 0):
 garbage-first heap   total 218112K, used 174962K [0x0000000080000000, 0x0000000100000000)
  region size 1024K, 127 young (130048K), 9 survivors (9216K)
 Metaspace       used 43973K, committed 44416K, reserved 1114112K
  class space    used 6107K, committed 6336K, reserved 1048576K
}
Event: 46.252 GC heap after
{Heap after GC invocations=110 (full 0):
 garbage-first heap   total 218112K, used 54510K [0x0000000080000000, 0x0000000100000000)
  region size 1024K, 8 young (8192K), 8 survivors (8192K)
 Metaspace       used 43973K, committed 44416K, reserved 1114112K
  class space    used 6107K, committed 6336K, reserved 1048576K
}
Event: 46.512 GC heap before
{Heap before GC invocations=110 (full 0):
 garbage-first heap   total 218112K, used 176366K [0x0000000080000000, 0x0000000100000000)
  region size 1024K, 127 young (130048K), 8 survivors (8192K)
 Metaspace       used 43973K, committed 44416K, reserved 1114112K
  class space    used 6107K, committed 6336K, reserved 1048576K
}
Event: 46.521 GC heap after
{Heap after GC invocations=111 (full 0):
 garbage-first heap   total 262144K, used 55101K [0x0000000080000000, 0x0000000100000000)
  region size 1024K, 8 young (8192K), 8 survivors (8192K)
 Metaspace       used 43973K, committed 44416K, reserved 1114112K
  class space    used 6107K, committed 6336K, reserved 1048576K
}
Event: 46.902 GC heap before
{Heap before GC invocations=111 (full 0):
 garbage-first heap   total 262144K, used 203581K [0x0000000080000000, 0x0000000100000000)
  region size 1024K, 153 young (156672K), 8 survivors (8192K)
 Metaspace       used 43973K, committed 44416K, reserved 1114112K
  class space    used 6107K, committed 6336K, reserved 1048576K
}
Event: 46.912 GC heap after
{Heap after GC invocations=112 (full 0):
 garbage-first heap   total 262144K, used 55957K [0x0000000080000000, 0x0000000100000000)
  region size 1024K, 9 young (9216K), 9 survivors (9216K)
 Metaspace       used 43973K, committed 44416K, reserved 1114112K
  class space    used 6107K, committed 6336K, reserved 1048576K
}
Event: 47.273 GC heap before
{Heap before GC invocations=112 (full 0):
 garbage-first heap   total 262144K, used 203413K [0x0000000080000000, 0x0000000100000000)
  region size 1024K, 153 young (156672K), 9 survivors (9216K)
 Metaspace       used 43973K, committed 44416K, reserved 1114112K
  class space    used 6107K, committed 6336K, reserved 1048576K
}
Event: 47.282 GC heap after
{Heap after GC invocations=113 (full 0):
 garbage-first heap   total 262144K, used 56440K [0x0000000080000000, 0x0000000100000000)
  region size 1024K, 9 young (9216K), 9 survivors (9216K)
 Metaspace       used 43973K, committed 44416K, reserved 1114112K
  class space    used 6107K, committed 6336K, reserved 1048576K
}
Event: 48.159 GC heap before
{Heap before GC invocations=113 (full 0):
 garbage-first heap   total 262144K, used 203896K [0x0000000080000000, 0x0000000100000000)
  region size 1024K, 153 young (156672K), 9 survivors (9216K)
 Metaspace       used 43973K, committed 44416K, reserved 1114112K
  class space    used 6107K, committed 6336K, reserved 1048576K
}
Event: 48.168 GC heap after
{Heap after GC invocations=114 (full 0):
 garbage-first heap   total 262144K, used 57980K [0x0000000080000000, 0x0000000100000000)
  region size 1024K, 10 young (10240K), 10 survivors (10240K)
 Metaspace       used 43973K, committed 44416K, reserved 1114112K
  class space    used 6107K, committed 6336K, reserved 1048576K
}
Event: 48.481 GC heap before
{Heap before GC invocations=114 (full 0):
 garbage-first heap   total 262144K, used 204412K [0x0000000080000000, 0x0000000100000000)
  region size 1024K, 153 young (156672K), 10 survivors (10240K)
 Metaspace       used 43975K, committed 44416K, reserved 1114112K
  class space    used 6107K, committed 6336K, reserved 1048576K
}
Event: 48.490 GC heap after
{Heap after GC invocations=115 (full 0):
 garbage-first heap   total 262144K, used 54642K [0x0000000080000000, 0x0000000100000000)
  region size 1024K, 10 young (10240K), 10 survivors (10240K)
 Metaspace       used 43975K, committed 44416K, reserved 1114112K
  class space    used 6107K, committed 6336K, reserved 1048576K
}
Event: 50.730 GC heap before
{Heap before GC invocations=115 (full 0):
 garbage-first heap   total 262144K, used 201074K [0x0000000080000000, 0x0000000100000000)
  region size 1024K, 153 young (156672K), 10 survivors (10240K)
 Metaspace       used 46622K, committed 47104K, reserved 1114112K
  class space    used 6347K, committed 6592K, reserved 1048576K
}
Event: 50.735 GC heap after
{Heap after GC invocations=116 (full 0):
 garbage-first heap   total 315392K, used 48211K [0x0000000080000000, 0x0000000100000000)
  region size 1024K, 3 young (3072K), 3 survivors (3072K)
 Metaspace       used 46622K, committed 47104K, reserved 1114112K
  class space    used 6347K, committed 6592K, reserved 1048576K
}
Event: 55.276 GC heap before
{Heap before GC invocations=116 (full 0):
 garbage-first heap   total 315392K, used 235603K [0x0000000080000000, 0x0000000100000000)
  region size 1024K, 184 young (188416K), 3 survivors (3072K)
 Metaspace       used 46716K, committed 47168K, reserved 1114112K
  class space    used 6360K, committed 6592K, reserved 1048576K
}
Event: 55.280 GC heap after
{Heap after GC invocations=117 (full 0):
 garbage-first heap   total 315392K, used 47903K [0x0000000080000000, 0x0000000100000000)
  region size 1024K, 2 young (2048K), 2 survivors (2048K)
 Metaspace       used 46716K, committed 47168K, reserved 1114112K
  class space    used 6360K, committed 6592K, reserved 1048576K
}
Event: 59.331 GC heap before
{Heap before GC invocations=117 (full 0):
 garbage-first heap   total 315392K, used 234271K [0x0000000080000000, 0x0000000100000000)
  region size 1024K, 184 young (188416K), 2 survivors (2048K)
 Metaspace       used 46718K, committed 47168K, reserved 1114112K
  class space    used 6360K, committed 6592K, reserved 1048576K
}
Event: 59.336 GC heap after
{Heap after GC invocations=118 (full 0):
 garbage-first heap   total 315392K, used 46854K [0x0000000080000000, 0x0000000100000000)
  region size 1024K, 2 young (2048K), 2 survivors (2048K)
 Metaspace       used 46718K, committed 47168K, reserved 1114112K
  class space    used 6360K, committed 6592K, reserved 1048576K
}
Event: 62.471 GC heap before
{Heap before GC invocations=118 (full 0):
 garbage-first heap   total 315392K, used 235270K [0x0000000080000000, 0x0000000100000000)
  region size 1024K, 184 young (188416K), 2 survivors (2048K)
 Metaspace       used 46789K, committed 47296K, reserved 1114112K
  class space    used 6364K, committed 6656K, reserved 1048576K
}
Event: 62.477 GC heap after
{Heap after GC invocations=119 (full 0):
 garbage-first heap   total 315392K, used 49101K [0x0000000080000000, 0x0000000100000000)
  region size 1024K, 2 young (2048K), 2 survivors (2048K)
 Metaspace       used 46789K, committed 47296K, reserved 1114112K
  class space    used 6364K, committed 6656K, reserved 1048576K
}

