# JRE version: OpenJDK Runtime Environment Temurin-17.0.17+10 (17.0.17+10) (build 17.0.17+10)
# Java VM: OpenJDK 64-Bit Server VM Temurin-17.0.17+10 (17.0.17+10, mixed mode, sharing, tiered, compressed oops, compressed class ptrs, g1 gc, windows-amd64)
GC Precious Log:
 CPUs: 2 total, 2 available
 Memory: 3500M
 Large Page Support: Disabled
 NUMA Support: Disabled
 Compressed Oops: Enabled (32-bit)
 Heap Region Size: 1M
 Heap Min Capacity: 8M
 Heap Initial Capacity: 56M
 Heap Max Capacity: 2G
 Pre-touch: Disabled
 Parallel Workers: 2
 Concurrent Workers: 1
 Concurrent Refinement Workers: 2
 Periodic GC: Disabled
Heap:
 garbage-first heap   total 344064K, used 141741K [0x0000000080000000, 0x0000000100000000)
  region size 1024K, 24 young (24576K), 8 survivors (8192K)
 Metaspace       used 128923K, committed 129536K, reserved 1179648K
  class space    used 15078K, committed 15360K, reserved 1048576K
GC Heap History (20 events):
Event: 69.916 GC heap before
{Heap before GC invocations=107 (full 0):
 garbage-first heap   total 286720K, used 257885K [0x0000000080000000, 0x0000000100000000)
  region size 1024K, 146 young (149504K), 3 survivors (3072K)
 Metaspace       used 101129K, committed 101696K, reserved 1179648K
  class space    used 11705K, committed 11968K, reserved 1048576K
}
Event: 69.919 GC heap after
{Heap after GC invocations=108 (full 0):
 garbage-first heap   total 286720K, used 103773K [0x0000000080000000, 0x0000000100000000)
  region size 1024K, 2 young (2048K), 2 survivors (2048K)
 Metaspace       used 101129K, committed 101696K, reserved 1179648K
  class space    used 11705K, committed 11968K, reserved 1048576K
}
Event: 70.657 GC heap before
{Heap before GC invocations=108 (full 0):
 garbage-first heap   total 286720K, used 253277K [0x0000000080000000, 0x0000000100000000)
  region size 1024K, 147 young (150528K), 2 survivors (2048K)
 Metaspace       used 101142K, committed 101696K, reserved 1179648K
  class space    used 11705K, committed 11968K, reserved 1048576K
}
Event: 70.660 GC heap after
{Heap after GC invocations=109 (full 0):
 garbage-first heap   total 286720K, used 103697K [0x0000000080000000, 0x0000000100000000)
  region size 1024K, 2 young (2048K), 2 survivors (2048K)
 Metaspace       used 101142K, committed 101696K, reserved 1179648K
  class space    used 11705K, committed 11968K, reserved 1048576K
}
Event: 72.019 GC heap before
{Heap before GC invocations=109 (full 0):
 garbage-first heap   total 286720K, used 261393K [0x0000000080000000, 0x0000000100000000)
  region size 1024K, 148 young (151552K), 2 survivors (2048K)
 Metaspace       used 106211K, committed 106688K, reserved 1179648K
  class space    used 12387K, committed 12608K, reserved 1048576K
}
Event: 72.051 GC heap after
{Heap after GC invocations=110 (full 0):
 garbage-first heap   total 286720K, used 127295K [0x0000000080000000, 0x0000000100000000)
  region size 1024K, 18 young (18432K), 18 survivors (18432K)
 Metaspace       used 106211K, committed 106688K, reserved 1179648K
  class space    used 12387K, committed 12608K, reserved 1048576K
}
Event: 74.903 GC heap before
{Heap before GC invocations=110 (full 0):
 garbage-first heap   total 286720K, used 237887K [0x0000000080000000, 0x0000000100000000)
  region size 1024K, 126 young (129024K), 18 survivors (18432K)
 Metaspace       used 110300K, committed 110848K, reserved 1179648K
  class space    used 12914K, committed 13184K, reserved 1048576K
}
Event: 74.949 GC heap after
{Heap after GC invocations=111 (full 0):
 garbage-first heap   total 286720K, used 129989K [0x0000000080000000, 0x0000000100000000)
  region size 1024K, 10 young (10240K), 10 survivors (10240K)
 Metaspace       used 110300K, committed 110848K, reserved 1179648K
  class space    used 12914K, committed 13184K, reserved 1048576K
}
Event: 81.493 GC heap before
{Heap before GC invocations=111 (full 0):
 garbage-first heap   total 286720K, used 234437K [0x0000000080000000, 0x0000000100000000)
  region size 1024K, 112 young (114688K), 10 survivors (10240K)
 Metaspace       used 124838K, committed 125440K, reserved 1179648K
  class space    used 14809K, committed 15104K, reserved 1048576K
}
Event: 81.506 GC heap after
{Heap after GC invocations=112 (full 0):
 garbage-first heap   total 286720K, used 127666K [0x0000000080000000, 0x0000000100000000)
  region size 1024K, 6 young (6144K), 6 survivors (6144K)
 Metaspace       used 124838K, committed 125440K, reserved 1179648K
  class space    used 14809K, committed 15104K, reserved 1048576K
}
Event: 100.797 GC heap before
{Heap before GC invocations=112 (full 0):
 garbage-first heap   total 286720K, used 236210K [0x0000000080000000, 0x0000000100000000)
  region size 1024K, 112 young (114688K), 6 survivors (6144K)
 Metaspace       used 127827K, committed 128384K, reserved 1179648K
  class space    used 15026K, committed 15296K, reserved 1048576K
}
Event: 100.817 GC heap after
{Heap after GC invocations=113 (full 0):
 garbage-first heap   total 286720K, used 131762K [0x0000000080000000, 0x0000000100000000)
  region size 1024K, 10 young (10240K), 10 survivors (10240K)
 Metaspace       used 127827K, committed 128384K, reserved 1179648K
  class space    used 15026K, committed 15296K, reserved 1048576K
}
Event: 120.100 GC heap before
{Heap before GC invocations=113 (full 0):
 garbage-first heap   total 286720K, used 238258K [0x0000000080000000, 0x0000000100000000)
  region size 1024K, 113 young (115712K), 10 survivors (10240K)
 Metaspace       used 128711K, committed 129344K, reserved 1179648K
  class space    used 15056K, committed 15360K, reserved 1048576K
}
Event: 120.137 GC heap after
{Heap after GC invocations=114 (full 0):
 garbage-first heap   total 286720K, used 134573K [0x0000000080000000, 0x0000000100000000)
  region size 1024K, 7 young (7168K), 7 survivors (7168K)
 Metaspace       used 128711K, committed 129344K, reserved 1179648K
  class space    used 15056K, committed 15360K, reserved 1048576K
}
Event: 120.676 GC heap before
{Heap before GC invocations=114 (full 0):
 garbage-first heap   total 286720K, used 159149K [0x0000000080000000, 0x0000000100000000)
  region size 1024K, 33 young (33792K), 7 survivors (7168K)
 Metaspace       used 128909K, committed 129536K, reserved 1179648K
  class space    used 15075K, committed 15360K, reserved 1048576K
}
Event: 120.688 GC heap after
{Heap after GC invocations=115 (full 0):
 garbage-first heap   total 286720K, used 134573K [0x0000000080000000, 0x0000000100000000)
  region size 1024K, 7 young (7168K), 7 survivors (7168K)
 Metaspace       used 128909K, committed 129536K, reserved 1179648K
  class space    used 15075K, committed 15360K, reserved 1048576K
}
Event: 121.192 GC heap before
{Heap before GC invocations=115 (full 0):
 garbage-first heap   total 286720K, used 242093K [0x0000000080000000, 0x0000000100000000)
  region size 1024K, 112 young (114688K), 7 survivors (7168K)
 Metaspace       used 128909K, committed 129536K, reserved 1179648K
  class space    used 15075K, committed 15360K, reserved 1048576K
}
Event: 121.213 GC heap after
{Heap after GC invocations=116 (full 0):
 garbage-first heap   total 286720K, used 137133K [0x0000000080000000, 0x0000000100000000)
  region size 1024K, 8 young (8192K), 8 survivors (8192K)
 Metaspace       used 128909K, committed 129536K, reserved 1179648K
  class space    used 15075K, committed 15360K, reserved 1048576K
}
Event: 121.343 GC heap before
{Heap before GC invocations=116 (full 0):
 garbage-first heap   total 286720K, used 166829K [0x0000000080000000, 0x0000000100000000)
  region size 1024K, 38 young (38912K), 8 survivors (8192K)
 Metaspace       used 128909K, committed 129536K, reserved 1179648K
  class space    used 15075K, committed 15360K, reserved 1048576K
}
Event: 121.355 GC heap after
{Heap after GC invocations=117 (full 0):
 garbage-first heap   total 344064K, used 135597K [0x0000000080000000, 0x0000000100000000)
  region size 1024K, 8 young (8192K), 8 survivors (8192K)
 Metaspace       used 128909K, committed 129536K, reserved 1179648K
  class space    used 15075K, committed 15360K, reserved 1048576K
}

